[0m2021.10.07 19:42:30 INFO  Started: Metals version 0.10.7 in workspace '/home/gjones/src/github/alloy-www' for client emacs GNU Emacs 27.1 (build 1, x86_64-pc-linux-gnu, GTK+ Version 3.24.24, cairo version 1.16.0)
 of 2021-03-26.[0m
[0m2021.10.07 19:42:33 INFO  time: initialize in 3.04s[0m
[0m2021.10.07 19:42:34 WARN  Build server is not auto-connectable.[0m
[0m2021.10.07 19:42:35 WARN  no build target for: /home/gjones/src/github/alloy-www/build.sbt[0m
Oct 07, 2021 7:42:36 PM org.eclipse.lsp4j.jsonrpc.RemoteEndpoint handleCancellation
WARNING: Unmatched cancel notification for request id 2
[0m2021.10.07 19:42:41 INFO  no build target: using presentation compiler with only scala-library: 2.12.15[0m
[0m2021.10.07 19:43:40 WARN  no build target for: /home/gjones/src/github/alloy-www/project/plugins.sbt[0m
[0m2021.10.07 19:46:03 WARN  no build target for: /home/gjones/src/github/alloy-www/project/plugins.sbt[0m
[0m2021.10.07 20:43:38 WARN  no build target for: /home/gjones/src/github/alloy-www/project/plugins.sbt[0m
[0m2021.10.07 21:06:44 WARN  no build target for: /home/gjones/src/github/alloy-www/project/plugins.sbt[0m
[0m2021.10.07 21:12:32 WARN  no build target for: /home/gjones/src/github/alloy-www/project/plugins.sbt[0m
[0m2021.10.07 21:12:41 INFO  running '/home/gjones/.local/opt/jdk-11.0.2/bin/java -Djline.terminal=jline.UnsupportedTerminal -Dsbt.log.noformat=true -Dfile.encoding=UTF-8 -jar /tmp/metals8974762283080947137/sbt-launch.jar -Dbloop.export-jar-classifiers=sources bloopInstall'[0m
[0m2021.10.07 21:12:45 INFO  [info] welcome to sbt 1.5.2 (Oracle Corporation Java 11.0.2)[0m
[0m2021.10.07 21:12:50 INFO  [info] loading settings for project alloy-www-build-build-build from metals.sbt ...[0m
[0m2021.10.07 21:12:52 INFO  [info] loading project definition from /home/gjones/src/github/alloy-www/project/project/project[0m
[0m2021.10.07 21:13:00 INFO  [info] loading settings for project alloy-www-build-build from metals.sbt ...[0m
[0m2021.10.07 21:13:00 INFO  [info] loading project definition from /home/gjones/src/github/alloy-www/project/project[0m
[0m2021.10.07 21:13:13 INFO  [success] Generated .bloop/alloy-www-build-build.json[0m
[0m2021.10.07 21:13:13 INFO  [success] Total time: 13 s, completed Oct 7, 2021, 9:13:14 PM[0m
[0m2021.10.07 21:13:16 INFO  [info] loading settings for project alloy-www-build from metals.sbt,plugins.sbt ...[0m
[0m2021.10.07 21:13:16 INFO  [info] loading project definition from /home/gjones/src/github/alloy-www/project[0m
[0m2021.10.07 21:13:22 INFO  [warn] [0m
[0m2021.10.07 21:13:22 INFO  [warn] 	Note: Some unresolved dependencies have extra attributes.  Check that these dependencies exist with the requested attributes.[0m
[0m2021.10.07 21:13:22 INFO  [warn] 		com.typesafe.sbt:sbt-scss:1.1.2 (sbtVersion=1.0, scalaVersion=2.12)[0m
[0m2021.10.07 21:13:22 INFO  [warn] [0m
[0m2021.10.07 21:13:22 INFO  [warn] 	Note: Unresolved dependencies path:[0m
[0m2021.10.07 21:13:22 INFO  [error] sbt.librarymanagement.ResolveException: Error downloading com.typesafe.sbt:sbt-scss;sbtVersion=1.0;scalaVersion=2.12:1.1.2[0m
[0m2021.10.07 21:13:22 INFO  [error]   Not found[0m
[0m2021.10.07 21:13:22 INFO  [error]   Not found[0m
[0m2021.10.07 21:13:22 INFO  [error]   not found: https://repo1.maven.org/maven2/com/typesafe/sbt/sbt-scss_2.12_1.0/1.1.2/sbt-scss-1.1.2.pom[0m
[0m2021.10.07 21:13:22 INFO  [error]   not found: /home/gjones/.ivy2/localcom.typesafe.sbt/sbt-scss/scala_2.12/sbt_1.0/1.1.2/ivys/ivy.xml[0m
[0m2021.10.07 21:13:22 INFO  [error]   not found: https://repo.scala-sbt.org/scalasbt/sbt-plugin-releases/com.typesafe.sbt/sbt-scss/scala_2.12/sbt_1.0/1.1.2/ivys/ivy.xml[0m
[0m2021.10.07 21:13:22 INFO  [error]   not found: https://repo.typesafe.com/typesafe/ivy-releases/com.typesafe.sbt/sbt-scss/scala_2.12/sbt_1.0/1.1.2/ivys/ivy.xml[0m
[0m2021.10.07 21:13:22 INFO  [error] 	at lmcoursier.CoursierDependencyResolution.unresolvedWarningOrThrow(CoursierDependencyResolution.scala:258)[0m
[0m2021.10.07 21:13:22 INFO  [error] 	at lmcoursier.CoursierDependencyResolution.$anonfun$update$38(CoursierDependencyResolution.scala:227)[0m
[0m2021.10.07 21:13:22 INFO  [error] 	at scala.util.Either$LeftProjection.map(Either.scala:573)[0m
[0m2021.10.07 21:13:22 INFO  [error] 	at lmcoursier.CoursierDependencyResolution.update(CoursierDependencyResolution.scala:227)[0m
[0m2021.10.07 21:13:22 INFO  [error] 	at sbt.librarymanagement.DependencyResolution.update(DependencyResolution.scala:60)[0m
[0m2021.10.07 21:13:22 INFO  [error] 	at sbt.internal.LibraryManagement$.resolve$1(LibraryManagement.scala:59)[0m
[0m2021.10.07 21:13:22 INFO  [error] 	at sbt.internal.LibraryManagement$.$anonfun$cachedUpdate$12(LibraryManagement.scala:133)[0m
[0m2021.10.07 21:13:22 INFO  [error] 	at sbt.util.Tracked$.$anonfun$lastOutput$1(Tracked.scala:73)[0m
[0m2021.10.07 21:13:22 INFO  [error] 	at sbt.internal.LibraryManagement$.$anonfun$cachedUpdate$20(LibraryManagement.scala:146)[0m
[0m2021.10.07 21:13:22 INFO  [error] 	at scala.util.control.Exception$Catch.apply(Exception.scala:228)[0m
[0m2021.10.07 21:13:22 INFO  [error] 	at sbt.internal.LibraryManagement$.$anonfun$cachedUpdate$11(LibraryManagement.scala:146)[0m
[0m2021.10.07 21:13:22 INFO  [error] 	at sbt.internal.LibraryManagement$.$anonfun$cachedUpdate$11$adapted(LibraryManagement.scala:127)[0m
[0m2021.10.07 21:13:22 INFO  [error] 	at sbt.util.Tracked$.$anonfun$inputChangedW$1(Tracked.scala:219)[0m
[0m2021.10.07 21:13:22 INFO  [error] 	at sbt.internal.LibraryManagement$.cachedUpdate(LibraryManagement.scala:160)[0m
[0m2021.10.07 21:13:22 INFO  [error] 	at sbt.Classpaths$.$anonfun$updateTask0$1(Defaults.scala:3667)[0m
[0m2021.10.07 21:13:22 INFO  [error] 	at scala.Function1.$anonfun$compose$1(Function1.scala:49)[0m
[0m2021.10.07 21:13:22 INFO  [error] 	at sbt.internal.util.$tilde$greater.$anonfun$$u2219$1(TypeFunctions.scala:62)[0m
[0m2021.10.07 21:13:22 INFO  [error] 	at sbt.std.Transform$$anon$4.work(Transform.scala:68)[0m
[0m2021.10.07 21:13:22 INFO  [error] 	at sbt.Execute.$anonfun$submit$2(Execute.scala:282)[0m
[0m2021.10.07 21:13:22 INFO  [error] 	at sbt.internal.util.ErrorHandling$.wideConvert(ErrorHandling.scala:23)[0m
[0m2021.10.07 21:13:22 INFO  [error] 	at sbt.Execute.work(Execute.scala:291)[0m
[0m2021.10.07 21:13:22 INFO  [error] 	at sbt.Execute.$anonfun$submit$1(Execute.scala:282)[0m
[0m2021.10.07 21:13:22 INFO  [error] 	at sbt.ConcurrentRestrictions$$anon$4.$anonfun$submitValid$1(ConcurrentRestrictions.scala:265)[0m
[0m2021.10.07 21:13:22 INFO  [error] 	at sbt.CompletionService$$anon$2.call(CompletionService.scala:64)[0m
[0m2021.10.07 21:13:22 INFO  [error] 	at java.base/java.util.concurrent.FutureTask.run(FutureTask.java:264)[0m
[0m2021.10.07 21:13:22 INFO  [error] 	at java.base/java.util.concurrent.Executors$RunnableAdapter.call(Executors.java:515)[0m
[0m2021.10.07 21:13:22 INFO  [error] 	at java.base/java.util.concurrent.FutureTask.run(FutureTask.java:264)[0m
[0m2021.10.07 21:13:22 INFO  [error] 	at java.base/java.util.concurrent.ThreadPoolExecutor.runWorker(ThreadPoolExecutor.java:1128)[0m
[0m2021.10.07 21:13:22 INFO  [error] 	at java.base/java.util.concurrent.ThreadPoolExecutor$Worker.run(ThreadPoolExecutor.java:628)[0m
[0m2021.10.07 21:13:22 INFO  [error] 	at java.base/java.lang.Thread.run(Thread.java:834)[0m
[0m2021.10.07 21:13:22 INFO  [error] (update) sbt.librarymanagement.ResolveException: Error downloading com.typesafe.sbt:sbt-scss;sbtVersion=1.0;scalaVersion=2.12:1.1.2[0m
[0m2021.10.07 21:13:22 INFO  [error]   Not found[0m
[0m2021.10.07 21:13:22 INFO  [error]   Not found[0m
[0m2021.10.07 21:13:22 INFO  [error]   not found: https://repo1.maven.org/maven2/com/typesafe/sbt/sbt-scss_2.12_1.0/1.1.2/sbt-scss-1.1.2.pom[0m
[0m2021.10.07 21:13:22 INFO  [error]   not found: /home/gjones/.ivy2/localcom.typesafe.sbt/sbt-scss/scala_2.12/sbt_1.0/1.1.2/ivys/ivy.xml[0m
[0m2021.10.07 21:13:22 INFO  [error]   not found: https://repo.scala-sbt.org/scalasbt/sbt-plugin-releases/com.typesafe.sbt/sbt-scss/scala_2.12/sbt_1.0/1.1.2/ivys/ivy.xml[0m
[0m2021.10.07 21:13:22 INFO  [error]   not found: https://repo.typesafe.com/typesafe/ivy-releases/com.typesafe.sbt/sbt-scss/scala_2.12/sbt_1.0/1.1.2/ivys/ivy.xml[0m
[0m2021.10.07 21:13:22 INFO  [error] Total time: 5 s, completed Oct 7, 2021, 9:13:22 PM[0m
[0m2021.10.07 21:13:22 INFO  [warn] Project loading failed: (r)etry, (q)uit, (l)ast, or (i)gnore? (default: r)[0m
[0m2021.10.07 21:13:24 INFO  [warn] [0m
[0m2021.10.07 21:13:24 INFO  [warn] 	Note: Some unresolved dependencies have extra attributes.  Check that these dependencies exist with the requested attributes.[0m
[0m2021.10.07 21:13:24 INFO  [warn] 		com.typesafe.sbt:sbt-scss:1.1.2 (sbtVersion=1.0, scalaVersion=2.12)[0m
[0m2021.10.07 21:13:24 INFO  [warn] [0m
[0m2021.10.07 21:13:24 INFO  [warn] 	Note: Unresolved dependencies path:[0m
[0m2021.10.07 21:13:24 INFO  [error] sbt.librarymanagement.ResolveException: Error downloading com.typesafe.sbt:sbt-scss;sbtVersion=1.0;scalaVersion=2.12:1.1.2[0m
[0m2021.10.07 21:13:24 INFO  [error]   Not found[0m
[0m2021.10.07 21:13:24 INFO  [error]   Not found[0m
[0m2021.10.07 21:13:24 INFO  [error]   not found: https://repo1.maven.org/maven2/com/typesafe/sbt/sbt-scss_2.12_1.0/1.1.2/sbt-scss-1.1.2.pom[0m
[0m2021.10.07 21:13:24 INFO  [error]   not found: /home/gjones/.ivy2/localcom.typesafe.sbt/sbt-scss/scala_2.12/sbt_1.0/1.1.2/ivys/ivy.xml[0m
[0m2021.10.07 21:13:24 INFO  [error]   not found: https://repo.scala-sbt.org/scalasbt/sbt-plugin-releases/com.typesafe.sbt/sbt-scss/scala_2.12/sbt_1.0/1.1.2/ivys/ivy.xml[0m
[0m2021.10.07 21:13:24 INFO  [error]   not found: https://repo.typesafe.com/typesafe/ivy-releases/com.typesafe.sbt/sbt-scss/scala_2.12/sbt_1.0/1.1.2/ivys/ivy.xml[0m
[0m2021.10.07 21:13:24 INFO  [error] 	at lmcoursier.CoursierDependencyResolution.unresolvedWarningOrThrow(CoursierDependencyResolution.scala:258)[0m
[0m2021.10.07 21:13:24 INFO  [error] 	at lmcoursier.CoursierDependencyResolution.$anonfun$update$38(CoursierDependencyResolution.scala:227)[0m
[0m2021.10.07 21:13:24 INFO  [error] 	at scala.util.Either$LeftProjection.map(Either.scala:573)[0m
[0m2021.10.07 21:13:24 INFO  [error] 	at lmcoursier.CoursierDependencyResolution.update(CoursierDependencyResolution.scala:227)[0m
[0m2021.10.07 21:13:24 INFO  [error] 	at sbt.librarymanagement.DependencyResolution.update(DependencyResolution.scala:60)[0m
[0m2021.10.07 21:13:24 INFO  [error] 	at sbt.internal.LibraryManagement$.resolve$1(LibraryManagement.scala:59)[0m
[0m2021.10.07 21:13:24 INFO  [error] 	at sbt.internal.LibraryManagement$.$anonfun$cachedUpdate$12(LibraryManagement.scala:133)[0m
[0m2021.10.07 21:13:24 INFO  [error] 	at sbt.util.Tracked$.$anonfun$lastOutput$1(Tracked.scala:73)[0m
[0m2021.10.07 21:13:24 INFO  [error] 	at sbt.internal.LibraryManagement$.$anonfun$cachedUpdate$20(LibraryManagement.scala:146)[0m
[0m2021.10.07 21:13:24 INFO  [error] 	at scala.util.control.Exception$Catch.apply(Exception.scala:228)[0m
[0m2021.10.07 21:13:24 INFO  [error] 	at sbt.internal.LibraryManagement$.$anonfun$cachedUpdate$11(LibraryManagement.scala:146)[0m
[0m2021.10.07 21:13:24 INFO  [error] 	at sbt.internal.LibraryManagement$.$anonfun$cachedUpdate$11$adapted(LibraryManagement.scala:127)[0m
[0m2021.10.07 21:13:24 INFO  [error] 	at sbt.util.Tracked$.$anonfun$inputChangedW$1(Tracked.scala:219)[0m
[0m2021.10.07 21:13:24 INFO  [error] 	at sbt.internal.LibraryManagement$.cachedUpdate(LibraryManagement.scala:160)[0m
[0m2021.10.07 21:13:24 INFO  [error] 	at sbt.Classpaths$.$anonfun$updateTask0$1(Defaults.scala:3667)[0m
[0m2021.10.07 21:13:24 INFO  [error] 	at scala.Function1.$anonfun$compose$1(Function1.scala:49)[0m
[0m2021.10.07 21:13:24 INFO  [error] 	at sbt.internal.util.$tilde$greater.$anonfun$$u2219$1(TypeFunctions.scala:62)[0m
[0m2021.10.07 21:13:24 INFO  [error] 	at sbt.std.Transform$$anon$4.work(Transform.scala:68)[0m
[0m2021.10.07 21:13:24 INFO  [error] 	at sbt.Execute.$anonfun$submit$2(Execute.scala:282)[0m
[0m2021.10.07 21:13:24 INFO  [error] 	at sbt.internal.util.ErrorHandling$.wideConvert(ErrorHandling.scala:23)[0m
[0m2021.10.07 21:13:24 INFO  [error] 	at sbt.Execute.work(Execute.scala:291)[0m
[0m2021.10.07 21:13:24 INFO  [error] 	at sbt.Execute.$anonfun$submit$1(Execute.scala:282)[0m
[0m2021.10.07 21:13:24 INFO  [error] 	at sbt.ConcurrentRestrictions$$anon$4.$anonfun$submitValid$1(ConcurrentRestrictions.scala:265)[0m
[0m2021.10.07 21:13:24 INFO  [error] 	at sbt.CompletionService$$anon$2.call(CompletionService.scala:64)[0m
[0m2021.10.07 21:13:24 INFO  [error] 	at java.base/java.util.concurrent.FutureTask.run(FutureTask.java:264)[0m
[0m2021.10.07 21:13:24 INFO  [error] 	at java.base/java.util.concurrent.Executors$RunnableAdapter.call(Executors.java:515)[0m
[0m2021.10.07 21:13:24 INFO  [error] 	at java.base/java.util.concurrent.FutureTask.run(FutureTask.java:264)[0m
[0m2021.10.07 21:13:24 INFO  [error] 	at java.base/java.util.concurrent.ThreadPoolExecutor.runWorker(ThreadPoolExecutor.java:1128)[0m
[0m2021.10.07 21:13:24 INFO  [error] 	at java.base/java.util.concurrent.ThreadPoolExecutor$Worker.run(ThreadPoolExecutor.java:628)[0m
[0m2021.10.07 21:13:24 INFO  [error] 	at java.base/java.lang.Thread.run(Thread.java:834)[0m
[0m2021.10.07 21:13:24 INFO  [error] (update) sbt.librarymanagement.ResolveException: Error downloading com.typesafe.sbt:sbt-scss;sbtVersion=1.0;scalaVersion=2.12:1.1.2[0m
[0m2021.10.07 21:13:24 INFO  [error]   Not found[0m
[0m2021.10.07 21:13:24 INFO  [error]   Not found[0m
[0m2021.10.07 21:13:24 INFO  [error]   not found: https://repo1.maven.org/maven2/com/typesafe/sbt/sbt-scss_2.12_1.0/1.1.2/sbt-scss-1.1.2.pom[0m
[0m2021.10.07 21:13:24 INFO  [error]   not found: /home/gjones/.ivy2/localcom.typesafe.sbt/sbt-scss/scala_2.12/sbt_1.0/1.1.2/ivys/ivy.xml[0m
[0m2021.10.07 21:13:24 INFO  [error]   not found: https://repo.scala-sbt.org/scalasbt/sbt-plugin-releases/com.typesafe.sbt/sbt-scss/scala_2.12/sbt_1.0/1.1.2/ivys/ivy.xml[0m
[0m2021.10.07 21:13:24 INFO  [error]   not found: https://repo.typesafe.com/typesafe/ivy-releases/com.typesafe.sbt/sbt-scss/scala_2.12/sbt_1.0/1.1.2/ivys/ivy.xml[0m
[0m2021.10.07 21:13:24 INFO  [warn] Project loading failed: (r)etry, (q)uit, (l)ast, or (i)gnore? (default: r)[0m
[0m2021.10.07 21:13:25 INFO  time: ran 'sbt bloopInstall' in 43s[0m
[0m2021.10.07 21:13:25 ERROR sbt command failed: /home/gjones/.local/opt/jdk-11.0.2/bin/java -Djline.terminal=jline.UnsupportedTerminal -Dsbt.log.noformat=true -Dfile.encoding=UTF-8 -jar /tmp/metals8974762283080947137/sbt-launch.jar -Dbloop.export-jar-classifiers=sources bloopInstall[0m
[0m2021.10.07 21:14:21 WARN  no build target for: /home/gjones/src/github/alloy-www/project/plugins.sbt[0m
Oct 07, 2021 9:14:21 PM scala.meta.internal.pc.CompilerAccess handleError
SEVERE: file%3A%2F%2F%2Fhome%2Fgjones%2Fsrc%2Fgithub%2Falloy-www%2Fproject%2Fplugins.sbt:6: error: ; expected but # found
#addSbtPlugin("org.irundaia.sbt" % "sbt-sassify" % "1.4.12")
^
file%3A%2F%2F%2Fhome%2Fgjones%2Fsrc%2Fgithub%2Falloy-www%2Fproject%2Fplugins.sbt:6: error: ; expected but # found
#addSbtPlugin("org.irundaia.sbt" % "sbt-sassify" % "1.4.12")
^
	at scala.meta.internal.parsers.Reporter.syntaxError(Reporter.scala:16)
	at scala.meta.internal.parsers.Reporter.syntaxError$(Reporter.scala:16)
	at scala.meta.internal.parsers.Reporter$$anon$1.syntaxError(Reporter.scala:22)
	at scala.meta.internal.parsers.Reporter.syntaxError(Reporter.scala:17)
	at scala.meta.internal.parsers.Reporter.syntaxError$(Reporter.scala:17)
	at scala.meta.internal.parsers.Reporter$$anon$1.syntaxError(Reporter.scala:22)
	at scala.meta.internal.parsers.ScalametaParser.syntaxErrorExpected(ScalametaParser.scala:941)
	at scala.meta.internal.parsers.ScalametaParser.accept(ScalametaParser.scala:947)
	at scala.meta.internal.parsers.ScalametaParser.acceptStatSep(ScalametaParser.scala:957)
	at scala.meta.internal.parsers.ScalametaParser.acceptStatSepOpt(ScalametaParser.scala:961)
	at scala.meta.internal.parsers.ScalametaParser.statSeq(ScalametaParser.scala:5060)
	at scala.meta.internal.parsers.ScalametaParser.$anonfun$scriptSource$1(ScalametaParser.scala:5249)
	at scala.meta.internal.parsers.ScalametaParser.atPos(ScalametaParser.scala:888)
	at scala.meta.internal.parsers.ScalametaParser.autoPos(ScalametaParser.scala:922)
	at scala.meta.internal.parsers.ScalametaParser.scriptSource(ScalametaParser.scala:5248)
	at scala.meta.internal.parsers.ScalametaParser.$anonfun$source$1(ScalametaParser.scala:5238)
	at scala.meta.internal.parsers.ScalametaParser.atPos(ScalametaParser.scala:888)
	at scala.meta.internal.parsers.ScalametaParser.autoPos(ScalametaParser.scala:922)
	at scala.meta.internal.parsers.ScalametaParser.source(ScalametaParser.scala:5238)
	at scala.meta.internal.parsers.ScalametaParser.entrypointSource(ScalametaParser.scala:5244)
	at scala.meta.internal.parsers.ScalametaParser.$anonfun$parseSource$2(ScalametaParser.scala:143)
	at scala.meta.internal.parsers.ScalametaParser.parseRule(ScalametaParser.scala:53)
	at scala.meta.internal.parsers.ScalametaParser.parseSource(ScalametaParser.scala:143)
	at scala.meta.parsers.Parse$.$anonfun$parseSource$1(Parse.scala:29)
	at scala.meta.internal.parsers.ScalametaParser$$anon$264.apply(ScalametaParser.scala:5308)
	at scala.meta.parsers.Api$XtensionParseDialectInput.parse(Api.scala:25)
	at scala.meta.internal.semanticdb.scalac.ParseOps$XtensionCompilationUnitSource.toSource(ParseOps.scala:17)
	at scala.meta.internal.semanticdb.scalac.TextDocumentOps$XtensionCompilationUnitDocument.toTextDocument(TextDocumentOps.scala:201)
	at scala.meta.internal.pc.SemanticdbTextDocumentProvider.textDocument(SemanticdbTextDocumentProvider.scala:51)

[0m2021.10.07 21:14:23 INFO  running '/home/gjones/.local/opt/jdk-11.0.2/bin/java -Djline.terminal=jline.UnsupportedTerminal -Dsbt.log.noformat=true -Dfile.encoding=UTF-8 -jar /tmp/metals14368863655192584355/sbt-launch.jar -Dbloop.export-jar-classifiers=sources bloopInstall'[0m
[0m2021.10.07 21:14:27 INFO  [info] welcome to sbt 1.5.2 (Oracle Corporation Java 11.0.2)[0m
[0m2021.10.07 21:14:29 INFO  [info] loading settings for project alloy-www-build-build-build from metals.sbt ...[0m
[0m2021.10.07 21:14:31 INFO  [info] loading project definition from /home/gjones/src/github/alloy-www/project/project/project[0m
[0m2021.10.07 21:14:33 INFO  [info] loading settings for project alloy-www-build-build from metals.sbt ...[0m
[0m2021.10.07 21:14:33 INFO  [info] loading project definition from /home/gjones/src/github/alloy-www/project/project[0m
[0m2021.10.07 21:14:38 INFO  [success] Generated .bloop/alloy-www-build-build.json[0m
[0m2021.10.07 21:14:38 INFO  [success] Total time: 5 s, completed Oct 7, 2021, 9:14:39 PM[0m
[0m2021.10.07 21:14:39 INFO  [error] [/home/gjones/src/github/alloy-www/project/plugins.sbt]:6: ';' expected but '#' found.[0m
[0m2021.10.07 21:14:39 INFO  [warn] Project loading failed: (r)etry, (q)uit, (l)ast, or (i)gnore? (default: r)[0m
[0m2021.10.07 21:14:40 INFO  time: ran 'sbt bloopInstall' in 16s[0m
[0m2021.10.07 21:14:40 ERROR sbt command failed: /home/gjones/.local/opt/jdk-11.0.2/bin/java -Djline.terminal=jline.UnsupportedTerminal -Dsbt.log.noformat=true -Dfile.encoding=UTF-8 -jar /tmp/metals14368863655192584355/sbt-launch.jar -Dbloop.export-jar-classifiers=sources bloopInstall[0m
Oct 07, 2021 9:15:49 PM scala.meta.internal.pc.CompilerAccess handleError
SEVERE: file%3A%2F%2F%2Fhome%2Fgjones%2Fsrc%2Fgithub%2Falloy-www%2Fproject%2Fplugins.sbt:6: error: ; expected but # found
#addSbtPlugin("org.irundaia.sbt" % "sbt-sassify" % "1.4.12")
^
file%3A%2F%2F%2Fhome%2Fgjones%2Fsrc%2Fgithub%2Falloy-www%2Fproject%2Fplugins.sbt:6: error: ; expected but # found
#addSbtPlugin("org.irundaia.sbt" % "sbt-sassify" % "1.4.12")
^
	at scala.meta.internal.parsers.Reporter.syntaxError(Reporter.scala:16)
	at scala.meta.internal.parsers.Reporter.syntaxError$(Reporter.scala:16)
	at scala.meta.internal.parsers.Reporter$$anon$1.syntaxError(Reporter.scala:22)
	at scala.meta.internal.parsers.Reporter.syntaxError(Reporter.scala:17)
	at scala.meta.internal.parsers.Reporter.syntaxError$(Reporter.scala:17)
	at scala.meta.internal.parsers.Reporter$$anon$1.syntaxError(Reporter.scala:22)
	at scala.meta.internal.parsers.ScalametaParser.syntaxErrorExpected(ScalametaParser.scala:941)
	at scala.meta.internal.parsers.ScalametaParser.accept(ScalametaParser.scala:947)
	at scala.meta.internal.parsers.ScalametaParser.acceptStatSep(ScalametaParser.scala:957)
	at scala.meta.internal.parsers.ScalametaParser.acceptStatSepOpt(ScalametaParser.scala:961)
	at scala.meta.internal.parsers.ScalametaParser.statSeq(ScalametaParser.scala:5060)
	at scala.meta.internal.parsers.ScalametaParser.$anonfun$scriptSource$1(ScalametaParser.scala:5249)
	at scala.meta.internal.parsers.ScalametaParser.atPos(ScalametaParser.scala:888)
	at scala.meta.internal.parsers.ScalametaParser.autoPos(ScalametaParser.scala:922)
	at scala.meta.internal.parsers.ScalametaParser.scriptSource(ScalametaParser.scala:5248)
	at scala.meta.internal.parsers.ScalametaParser.$anonfun$source$1(ScalametaParser.scala:5238)
	at scala.meta.internal.parsers.ScalametaParser.atPos(ScalametaParser.scala:888)
	at scala.meta.internal.parsers.ScalametaParser.autoPos(ScalametaParser.scala:922)
	at scala.meta.internal.parsers.ScalametaParser.source(ScalametaParser.scala:5238)
	at scala.meta.internal.parsers.ScalametaParser.entrypointSource(ScalametaParser.scala:5244)
	at scala.meta.internal.parsers.ScalametaParser.$anonfun$parseSource$2(ScalametaParser.scala:143)
	at scala.meta.internal.parsers.ScalametaParser.parseRule(ScalametaParser.scala:53)
	at scala.meta.internal.parsers.ScalametaParser.parseSource(ScalametaParser.scala:143)
	at scala.meta.parsers.Parse$.$anonfun$parseSource$1(Parse.scala:29)
	at scala.meta.internal.parsers.ScalametaParser$$anon$264.apply(ScalametaParser.scala:5308)
	at scala.meta.parsers.Api$XtensionParseDialectInput.parse(Api.scala:25)
	at scala.meta.internal.semanticdb.scalac.ParseOps$XtensionCompilationUnitSource.toSource(ParseOps.scala:17)
	at scala.meta.internal.semanticdb.scalac.TextDocumentOps$XtensionCompilationUnitDocument.toTextDocument(TextDocumentOps.scala:201)
	at scala.meta.internal.pc.SemanticdbTextDocumentProvider.textDocument(SemanticdbTextDocumentProvider.scala:51)

Oct 07, 2021 9:15:52 PM scala.meta.internal.pc.CompilerAccess handleError
SEVERE: file%3A%2F%2F%2Fhome%2Fgjones%2Fsrc%2Fgithub%2Falloy-www%2Fproject%2Fplugins.sbt:6: error: ; expected but # found
#addSbtPlugin("org.irundaia.sbt" % "sbt-sassify" % "1.4.12")
^
file%3A%2F%2F%2Fhome%2Fgjones%2Fsrc%2Fgithub%2Falloy-www%2Fproject%2Fplugins.sbt:6: error: ; expected but # found
#addSbtPlugin("org.irundaia.sbt" % "sbt-sassify" % "1.4.12")
^
	at scala.meta.internal.parsers.Reporter.syntaxError(Reporter.scala:16)
	at scala.meta.internal.parsers.Reporter.syntaxError$(Reporter.scala:16)
	at scala.meta.internal.parsers.Reporter$$anon$1.syntaxError(Reporter.scala:22)
	at scala.meta.internal.parsers.Reporter.syntaxError(Reporter.scala:17)
	at scala.meta.internal.parsers.Reporter.syntaxError$(Reporter.scala:17)
	at scala.meta.internal.parsers.Reporter$$anon$1.syntaxError(Reporter.scala:22)
	at scala.meta.internal.parsers.ScalametaParser.syntaxErrorExpected(ScalametaParser.scala:941)
	at scala.meta.internal.parsers.ScalametaParser.accept(ScalametaParser.scala:947)
	at scala.meta.internal.parsers.ScalametaParser.acceptStatSep(ScalametaParser.scala:957)
	at scala.meta.internal.parsers.ScalametaParser.acceptStatSepOpt(ScalametaParser.scala:961)
	at scala.meta.internal.parsers.ScalametaParser.statSeq(ScalametaParser.scala:5060)
	at scala.meta.internal.parsers.ScalametaParser.$anonfun$scriptSource$1(ScalametaParser.scala:5249)
	at scala.meta.internal.parsers.ScalametaParser.atPos(ScalametaParser.scala:888)
	at scala.meta.internal.parsers.ScalametaParser.autoPos(ScalametaParser.scala:922)
	at scala.meta.internal.parsers.ScalametaParser.scriptSource(ScalametaParser.scala:5248)
	at scala.meta.internal.parsers.ScalametaParser.$anonfun$source$1(ScalametaParser.scala:5238)
	at scala.meta.internal.parsers.ScalametaParser.atPos(ScalametaParser.scala:888)
	at scala.meta.internal.parsers.ScalametaParser.autoPos(ScalametaParser.scala:922)
	at scala.meta.internal.parsers.ScalametaParser.source(ScalametaParser.scala:5238)
	at scala.meta.internal.parsers.ScalametaParser.entrypointSource(ScalametaParser.scala:5244)
	at scala.meta.internal.parsers.ScalametaParser.$anonfun$parseSource$2(ScalametaParser.scala:143)
	at scala.meta.internal.parsers.ScalametaParser.parseRule(ScalametaParser.scala:53)
	at scala.meta.internal.parsers.ScalametaParser.parseSource(ScalametaParser.scala:143)
	at scala.meta.parsers.Parse$.$anonfun$parseSource$1(Parse.scala:29)
	at scala.meta.internal.parsers.ScalametaParser$$anon$264.apply(ScalametaParser.scala:5308)
	at scala.meta.parsers.Api$XtensionParseDialectInput.parse(Api.scala:25)
	at scala.meta.internal.semanticdb.scalac.ParseOps$XtensionCompilationUnitSource.toSource(ParseOps.scala:17)
	at scala.meta.internal.semanticdb.scalac.TextDocumentOps$XtensionCompilationUnitDocument.toTextDocument(TextDocumentOps.scala:201)
	at scala.meta.internal.pc.SemanticdbTextDocumentProvider.textDocument(SemanticdbTextDocumentProvider.scala:51)

Oct 07, 2021 9:15:53 PM scala.meta.internal.pc.CompilerAccess handleError
SEVERE: file%3A%2F%2F%2Fhome%2Fgjones%2Fsrc%2Fgithub%2Falloy-www%2Fproject%2Fplugins.sbt:6: error: ; expected but # found
#addSbtPlugin("org.irundaia.sbt" % "sbt-sassify" % "1.4.12")
^
file%3A%2F%2F%2Fhome%2Fgjones%2Fsrc%2Fgithub%2Falloy-www%2Fproject%2Fplugins.sbt:6: error: ; expected but # found
#addSbtPlugin("org.irundaia.sbt" % "sbt-sassify" % "1.4.12")
^
	at scala.meta.internal.parsers.Reporter.syntaxError(Reporter.scala:16)
	at scala.meta.internal.parsers.Reporter.syntaxError$(Reporter.scala:16)
	at scala.meta.internal.parsers.Reporter$$anon$1.syntaxError(Reporter.scala:22)
	at scala.meta.internal.parsers.Reporter.syntaxError(Reporter.scala:17)
	at scala.meta.internal.parsers.Reporter.syntaxError$(Reporter.scala:17)
	at scala.meta.internal.parsers.Reporter$$anon$1.syntaxError(Reporter.scala:22)
	at scala.meta.internal.parsers.ScalametaParser.syntaxErrorExpected(ScalametaParser.scala:941)
	at scala.meta.internal.parsers.ScalametaParser.accept(ScalametaParser.scala:947)
	at scala.meta.internal.parsers.ScalametaParser.acceptStatSep(ScalametaParser.scala:957)
	at scala.meta.internal.parsers.ScalametaParser.acceptStatSepOpt(ScalametaParser.scala:961)
	at scala.meta.internal.parsers.ScalametaParser.statSeq(ScalametaParser.scala:5060)
	at scala.meta.internal.parsers.ScalametaParser.$anonfun$scriptSource$1(ScalametaParser.scala:5249)
	at scala.meta.internal.parsers.ScalametaParser.atPos(ScalametaParser.scala:888)
	at scala.meta.internal.parsers.ScalametaParser.autoPos(ScalametaParser.scala:922)
	at scala.meta.internal.parsers.ScalametaParser.scriptSource(ScalametaParser.scala:5248)
	at scala.meta.internal.parsers.ScalametaParser.$anonfun$source$1(ScalametaParser.scala:5238)
	at scala.meta.internal.parsers.ScalametaParser.atPos(ScalametaParser.scala:888)
	at scala.meta.internal.parsers.ScalametaParser.autoPos(ScalametaParser.scala:922)
	at scala.meta.internal.parsers.ScalametaParser.source(ScalametaParser.scala:5238)
	at scala.meta.internal.parsers.ScalametaParser.entrypointSource(ScalametaParser.scala:5244)
	at scala.meta.internal.parsers.ScalametaParser.$anonfun$parseSource$2(ScalametaParser.scala:143)
	at scala.meta.internal.parsers.ScalametaParser.parseRule(ScalametaParser.scala:53)
	at scala.meta.internal.parsers.ScalametaParser.parseSource(ScalametaParser.scala:143)
	at scala.meta.parsers.Parse$.$anonfun$parseSource$1(Parse.scala:29)
	at scala.meta.internal.parsers.ScalametaParser$$anon$264.apply(ScalametaParser.scala:5308)
	at scala.meta.parsers.Api$XtensionParseDialectInput.parse(Api.scala:25)
	at scala.meta.internal.semanticdb.scalac.ParseOps$XtensionCompilationUnitSource.toSource(ParseOps.scala:17)
	at scala.meta.internal.semanticdb.scalac.TextDocumentOps$XtensionCompilationUnitDocument.toTextDocument(TextDocumentOps.scala:201)
	at scala.meta.internal.pc.SemanticdbTextDocumentProvider.textDocument(SemanticdbTextDocumentProvider.scala:51)

[0m2021.10.07 21:15:54 WARN  no build target for: /home/gjones/src/github/alloy-www/project/plugins.sbt[0m
[0m2021.10.07 21:15:56 INFO  running '/home/gjones/.local/opt/jdk-11.0.2/bin/java -Djline.terminal=jline.UnsupportedTerminal -Dsbt.log.noformat=true -Dfile.encoding=UTF-8 -jar /tmp/metals11254967387642426763/sbt-launch.jar -Dbloop.export-jar-classifiers=sources bloopInstall'[0m
[0m2021.10.07 21:16:00 INFO  [info] welcome to sbt 1.5.2 (Oracle Corporation Java 11.0.2)[0m
[0m2021.10.07 21:16:02 INFO  [info] loading settings for project alloy-www-build-build-build from metals.sbt ...[0m
[0m2021.10.07 21:16:04 INFO  [info] loading project definition from /home/gjones/src/github/alloy-www/project/project/project[0m
[0m2021.10.07 21:16:06 INFO  [info] loading settings for project alloy-www-build-build from metals.sbt ...[0m
[0m2021.10.07 21:16:06 INFO  [info] loading project definition from /home/gjones/src/github/alloy-www/project/project[0m
[0m2021.10.07 21:16:11 INFO  [success] Generated .bloop/alloy-www-build-build.json[0m
[0m2021.10.07 21:16:11 INFO  [success] Total time: 4 s, completed Oct 7, 2021, 9:16:12 PM[0m
[0m2021.10.07 21:16:12 INFO  [info] loading settings for project alloy-www-build from metals.sbt,plugins.sbt ...[0m
[0m2021.10.07 21:16:12 INFO  [info] loading project definition from /home/gjones/src/github/alloy-www/project[0m
[0m2021.10.07 21:16:18 INFO  [warn] [0m
[0m2021.10.07 21:16:18 INFO  [warn] 	Note: Some unresolved dependencies have extra attributes.  Check that these dependencies exist with the requested attributes.[0m
[0m2021.10.07 21:16:18 INFO  [warn] 		com.typesafe.sbt:sbt-scss:1.1.2 (sbtVersion=1.0, scalaVersion=2.12)[0m
[0m2021.10.07 21:16:18 INFO  [warn] [0m
[0m2021.10.07 21:16:18 INFO  [warn] 	Note: Unresolved dependencies path:[0m
[0m2021.10.07 21:16:18 INFO  [error] sbt.librarymanagement.ResolveException: Error downloading com.typesafe.sbt:sbt-scss;sbtVersion=1.0;scalaVersion=2.12:1.1.2[0m
[0m2021.10.07 21:16:18 INFO  [error]   Not found[0m
[0m2021.10.07 21:16:18 INFO  [error]   Not found[0m
[0m2021.10.07 21:16:18 INFO  [error]   not found: https://repo1.maven.org/maven2/com/typesafe/sbt/sbt-scss_2.12_1.0/1.1.2/sbt-scss-1.1.2.pom[0m
[0m2021.10.07 21:16:18 INFO  [error]   not found: /home/gjones/.ivy2/localcom.typesafe.sbt/sbt-scss/scala_2.12/sbt_1.0/1.1.2/ivys/ivy.xml[0m
[0m2021.10.07 21:16:18 INFO  [error]   not found: https://repo.scala-sbt.org/scalasbt/sbt-plugin-releases/com.typesafe.sbt/sbt-scss/scala_2.12/sbt_1.0/1.1.2/ivys/ivy.xml[0m
[0m2021.10.07 21:16:18 INFO  [error]   not found: https://repo.typesafe.com/typesafe/ivy-releases/com.typesafe.sbt/sbt-scss/scala_2.12/sbt_1.0/1.1.2/ivys/ivy.xml[0m
[0m2021.10.07 21:16:18 INFO  [error] 	at lmcoursier.CoursierDependencyResolution.unresolvedWarningOrThrow(CoursierDependencyResolution.scala:258)[0m
[0m2021.10.07 21:16:18 INFO  [error] 	at lmcoursier.CoursierDependencyResolution.$anonfun$update$38(CoursierDependencyResolution.scala:227)[0m
[0m2021.10.07 21:16:18 INFO  [error] 	at scala.util.Either$LeftProjection.map(Either.scala:573)[0m
[0m2021.10.07 21:16:18 INFO  [error] 	at lmcoursier.CoursierDependencyResolution.update(CoursierDependencyResolution.scala:227)[0m
[0m2021.10.07 21:16:18 INFO  [error] 	at sbt.librarymanagement.DependencyResolution.update(DependencyResolution.scala:60)[0m
[0m2021.10.07 21:16:18 INFO  [error] 	at sbt.internal.LibraryManagement$.resolve$1(LibraryManagement.scala:59)[0m
[0m2021.10.07 21:16:18 INFO  [error] 	at sbt.internal.LibraryManagement$.$anonfun$cachedUpdate$12(LibraryManagement.scala:133)[0m
[0m2021.10.07 21:16:18 INFO  [error] 	at sbt.util.Tracked$.$anonfun$lastOutput$1(Tracked.scala:73)[0m
[0m2021.10.07 21:16:18 INFO  [error] 	at sbt.internal.LibraryManagement$.$anonfun$cachedUpdate$20(LibraryManagement.scala:146)[0m
[0m2021.10.07 21:16:18 INFO  [error] 	at scala.util.control.Exception$Catch.apply(Exception.scala:228)[0m
[0m2021.10.07 21:16:18 INFO  [error] 	at sbt.internal.LibraryManagement$.$anonfun$cachedUpdate$11(LibraryManagement.scala:146)[0m
[0m2021.10.07 21:16:18 INFO  [error] 	at sbt.internal.LibraryManagement$.$anonfun$cachedUpdate$11$adapted(LibraryManagement.scala:127)[0m
[0m2021.10.07 21:16:18 INFO  [error] 	at sbt.util.Tracked$.$anonfun$inputChangedW$1(Tracked.scala:219)[0m
[0m2021.10.07 21:16:18 INFO  [error] 	at sbt.internal.LibraryManagement$.cachedUpdate(LibraryManagement.scala:160)[0m
[0m2021.10.07 21:16:18 INFO  [error] 	at sbt.Classpaths$.$anonfun$updateTask0$1(Defaults.scala:3667)[0m
[0m2021.10.07 21:16:18 INFO  [error] 	at scala.Function1.$anonfun$compose$1(Function1.scala:49)[0m
[0m2021.10.07 21:16:18 INFO  [error] 	at sbt.internal.util.$tilde$greater.$anonfun$$u2219$1(TypeFunctions.scala:62)[0m
[0m2021.10.07 21:16:18 INFO  [error] 	at sbt.std.Transform$$anon$4.work(Transform.scala:68)[0m
[0m2021.10.07 21:16:18 INFO  [error] 	at sbt.Execute.$anonfun$submit$2(Execute.scala:282)[0m
[0m2021.10.07 21:16:18 INFO  [error] 	at sbt.internal.util.ErrorHandling$.wideConvert(ErrorHandling.scala:23)[0m
[0m2021.10.07 21:16:18 INFO  [error] 	at sbt.Execute.work(Execute.scala:291)[0m
[0m2021.10.07 21:16:18 INFO  [error] 	at sbt.Execute.$anonfun$submit$1(Execute.scala:282)[0m
[0m2021.10.07 21:16:18 INFO  [error] 	at sbt.ConcurrentRestrictions$$anon$4.$anonfun$submitValid$1(ConcurrentRestrictions.scala:265)[0m
[0m2021.10.07 21:16:18 INFO  [error] 	at sbt.CompletionService$$anon$2.call(CompletionService.scala:64)[0m
[0m2021.10.07 21:16:18 INFO  [error] 	at java.base/java.util.concurrent.FutureTask.run(FutureTask.java:264)[0m
[0m2021.10.07 21:16:18 INFO  [error] 	at java.base/java.util.concurrent.Executors$RunnableAdapter.call(Executors.java:515)[0m
[0m2021.10.07 21:16:18 INFO  [error] 	at java.base/java.util.concurrent.FutureTask.run(FutureTask.java:264)[0m
[0m2021.10.07 21:16:18 INFO  [error] 	at java.base/java.util.concurrent.ThreadPoolExecutor.runWorker(ThreadPoolExecutor.java:1128)[0m
[0m2021.10.07 21:16:18 INFO  [error] 	at java.base/java.util.concurrent.ThreadPoolExecutor$Worker.run(ThreadPoolExecutor.java:628)[0m
[0m2021.10.07 21:16:18 INFO  [error] 	at java.base/java.lang.Thread.run(Thread.java:834)[0m
[0m2021.10.07 21:16:18 INFO  [error] (update) sbt.librarymanagement.ResolveException: Error downloading com.typesafe.sbt:sbt-scss;sbtVersion=1.0;scalaVersion=2.12:1.1.2[0m
[0m2021.10.07 21:16:18 INFO  [error]   Not found[0m
[0m2021.10.07 21:16:18 INFO  [error]   Not found[0m
[0m2021.10.07 21:16:18 INFO  [error]   not found: https://repo1.maven.org/maven2/com/typesafe/sbt/sbt-scss_2.12_1.0/1.1.2/sbt-scss-1.1.2.pom[0m
[0m2021.10.07 21:16:18 INFO  [error]   not found: /home/gjones/.ivy2/localcom.typesafe.sbt/sbt-scss/scala_2.12/sbt_1.0/1.1.2/ivys/ivy.xml[0m
[0m2021.10.07 21:16:18 INFO  [error]   not found: https://repo.scala-sbt.org/scalasbt/sbt-plugin-releases/com.typesafe.sbt/sbt-scss/scala_2.12/sbt_1.0/1.1.2/ivys/ivy.xml[0m
[0m2021.10.07 21:16:18 INFO  [error]   not found: https://repo.typesafe.com/typesafe/ivy-releases/com.typesafe.sbt/sbt-scss/scala_2.12/sbt_1.0/1.1.2/ivys/ivy.xml[0m
[0m2021.10.07 21:16:18 INFO  [error] Total time: 6 s, completed Oct 7, 2021, 9:16:18 PM[0m
[0m2021.10.07 21:16:18 INFO  [warn] Project loading failed: (r)etry, (q)uit, (l)ast, or (i)gnore? (default: r)[0m
[0m2021.10.07 21:16:20 INFO  [warn] [0m
[0m2021.10.07 21:16:20 INFO  [warn] 	Note: Some unresolved dependencies have extra attributes.  Check that these dependencies exist with the requested attributes.[0m
[0m2021.10.07 21:16:20 INFO  [warn] 		com.typesafe.sbt:sbt-scss:1.1.2 (sbtVersion=1.0, scalaVersion=2.12)[0m
[0m2021.10.07 21:16:20 INFO  [warn] [0m
[0m2021.10.07 21:16:20 INFO  [warn] 	Note: Unresolved dependencies path:[0m
[0m2021.10.07 21:16:20 INFO  [error] sbt.librarymanagement.ResolveException: Error downloading com.typesafe.sbt:sbt-scss;sbtVersion=1.0;scalaVersion=2.12:1.1.2[0m
[0m2021.10.07 21:16:20 INFO  [error]   Not found[0m
[0m2021.10.07 21:16:20 INFO  [error]   Not found[0m
[0m2021.10.07 21:16:20 INFO  [error]   not found: https://repo1.maven.org/maven2/com/typesafe/sbt/sbt-scss_2.12_1.0/1.1.2/sbt-scss-1.1.2.pom[0m
[0m2021.10.07 21:16:20 INFO  [error]   not found: /home/gjones/.ivy2/localcom.typesafe.sbt/sbt-scss/scala_2.12/sbt_1.0/1.1.2/ivys/ivy.xml[0m
[0m2021.10.07 21:16:20 INFO  [error]   not found: https://repo.scala-sbt.org/scalasbt/sbt-plugin-releases/com.typesafe.sbt/sbt-scss/scala_2.12/sbt_1.0/1.1.2/ivys/ivy.xml[0m
[0m2021.10.07 21:16:20 INFO  [error]   not found: https://repo.typesafe.com/typesafe/ivy-releases/com.typesafe.sbt/sbt-scss/scala_2.12/sbt_1.0/1.1.2/ivys/ivy.xml[0m
[0m2021.10.07 21:16:20 INFO  [error] 	at lmcoursier.CoursierDependencyResolution.unresolvedWarningOrThrow(CoursierDependencyResolution.scala:258)[0m
[0m2021.10.07 21:16:20 INFO  [error] 	at lmcoursier.CoursierDependencyResolution.$anonfun$update$38(CoursierDependencyResolution.scala:227)[0m
[0m2021.10.07 21:16:20 INFO  [error] 	at scala.util.Either$LeftProjection.map(Either.scala:573)[0m
[0m2021.10.07 21:16:20 INFO  [error] 	at lmcoursier.CoursierDependencyResolution.update(CoursierDependencyResolution.scala:227)[0m
[0m2021.10.07 21:16:20 INFO  [error] 	at sbt.librarymanagement.DependencyResolution.update(DependencyResolution.scala:60)[0m
[0m2021.10.07 21:16:20 INFO  [error] 	at sbt.internal.LibraryManagement$.resolve$1(LibraryManagement.scala:59)[0m
[0m2021.10.07 21:16:20 INFO  [error] 	at sbt.internal.LibraryManagement$.$anonfun$cachedUpdate$12(LibraryManagement.scala:133)[0m
[0m2021.10.07 21:16:20 INFO  [error] 	at sbt.util.Tracked$.$anonfun$lastOutput$1(Tracked.scala:73)[0m
[0m2021.10.07 21:16:20 INFO  [error] 	at sbt.internal.LibraryManagement$.$anonfun$cachedUpdate$20(LibraryManagement.scala:146)[0m
[0m2021.10.07 21:16:20 INFO  [error] 	at scala.util.control.Exception$Catch.apply(Exception.scala:228)[0m
[0m2021.10.07 21:16:20 INFO  [error] 	at sbt.internal.LibraryManagement$.$anonfun$cachedUpdate$11(LibraryManagement.scala:146)[0m
[0m2021.10.07 21:16:20 INFO  [error] 	at sbt.internal.LibraryManagement$.$anonfun$cachedUpdate$11$adapted(LibraryManagement.scala:127)[0m
[0m2021.10.07 21:16:20 INFO  [error] 	at sbt.util.Tracked$.$anonfun$inputChangedW$1(Tracked.scala:219)[0m
[0m2021.10.07 21:16:20 INFO  [error] 	at sbt.internal.LibraryManagement$.cachedUpdate(LibraryManagement.scala:160)[0m
[0m2021.10.07 21:16:20 INFO  [error] 	at sbt.Classpaths$.$anonfun$updateTask0$1(Defaults.scala:3667)[0m
[0m2021.10.07 21:16:20 INFO  [error] 	at scala.Function1.$anonfun$compose$1(Function1.scala:49)[0m
[0m2021.10.07 21:16:20 INFO  [error] 	at sbt.internal.util.$tilde$greater.$anonfun$$u2219$1(TypeFunctions.scala:62)[0m
[0m2021.10.07 21:16:20 INFO  [error] 	at sbt.std.Transform$$anon$4.work(Transform.scala:68)[0m
[0m2021.10.07 21:16:20 INFO  [error] 	at sbt.Execute.$anonfun$submit$2(Execute.scala:282)[0m
[0m2021.10.07 21:16:20 INFO  [error] 	at sbt.internal.util.ErrorHandling$.wideConvert(ErrorHandling.scala:23)[0m
[0m2021.10.07 21:16:20 INFO  [error] 	at sbt.Execute.work(Execute.scala:291)[0m
[0m2021.10.07 21:16:20 INFO  [error] 	at sbt.Execute.$anonfun$submit$1(Execute.scala:282)[0m
[0m2021.10.07 21:16:20 INFO  [error] 	at sbt.ConcurrentRestrictions$$anon$4.$anonfun$submitValid$1(ConcurrentRestrictions.scala:265)[0m
[0m2021.10.07 21:16:20 INFO  [error] 	at sbt.CompletionService$$anon$2.call(CompletionService.scala:64)[0m
[0m2021.10.07 21:16:20 INFO  [error] 	at java.base/java.util.concurrent.FutureTask.run(FutureTask.java:264)[0m
[0m2021.10.07 21:16:20 INFO  [error] 	at java.base/java.util.concurrent.Executors$RunnableAdapter.call(Executors.java:515)[0m
[0m2021.10.07 21:16:20 INFO  [error] 	at java.base/java.util.concurrent.FutureTask.run(FutureTask.java:264)[0m
[0m2021.10.07 21:16:20 INFO  [error] 	at java.base/java.util.concurrent.ThreadPoolExecutor.runWorker(ThreadPoolExecutor.java:1128)[0m
[0m2021.10.07 21:16:20 INFO  [error] 	at java.base/java.util.concurrent.ThreadPoolExecutor$Worker.run(ThreadPoolExecutor.java:628)[0m
[0m2021.10.07 21:16:20 INFO  [error] 	at java.base/java.lang.Thread.run(Thread.java:834)[0m
[0m2021.10.07 21:16:20 INFO  [error] (update) sbt.librarymanagement.ResolveException: Error downloading com.typesafe.sbt:sbt-scss;sbtVersion=1.0;scalaVersion=2.12:1.1.2[0m
[0m2021.10.07 21:16:20 INFO  [error]   Not found[0m
[0m2021.10.07 21:16:20 INFO  [error]   Not found[0m
[0m2021.10.07 21:16:20 INFO  [error]   not found: https://repo1.maven.org/maven2/com/typesafe/sbt/sbt-scss_2.12_1.0/1.1.2/sbt-scss-1.1.2.pom[0m
[0m2021.10.07 21:16:20 INFO  [error]   not found: /home/gjones/.ivy2/localcom.typesafe.sbt/sbt-scss/scala_2.12/sbt_1.0/1.1.2/ivys/ivy.xml[0m
[0m2021.10.07 21:16:20 INFO  [error]   not found: https://repo.scala-sbt.org/scalasbt/sbt-plugin-releases/com.typesafe.sbt/sbt-scss/scala_2.12/sbt_1.0/1.1.2/ivys/ivy.xml[0m
[0m2021.10.07 21:16:20 INFO  [error]   not found: https://repo.typesafe.com/typesafe/ivy-releases/com.typesafe.sbt/sbt-scss/scala_2.12/sbt_1.0/1.1.2/ivys/ivy.xml[0m
[0m2021.10.07 21:16:20 INFO  [warn] Project loading failed: (r)etry, (q)uit, (l)ast, or (i)gnore? (default: r)[0m
[0m2021.10.07 21:16:21 INFO  time: ran 'sbt bloopInstall' in 25s[0m
[0m2021.10.07 21:16:21 ERROR sbt command failed: /home/gjones/.local/opt/jdk-11.0.2/bin/java -Djline.terminal=jline.UnsupportedTerminal -Dsbt.log.noformat=true -Dfile.encoding=UTF-8 -jar /tmp/metals11254967387642426763/sbt-launch.jar -Dbloop.export-jar-classifiers=sources bloopInstall[0m
[0m2021.10.07 21:20:18 WARN  no build target for: /home/gjones/src/github/alloy-www/project/plugins.sbt[0m
[0m2021.10.07 21:26:00 INFO  shutting down Metals[0m
[0m2021.10.07 21:26:17 INFO  Started: Metals version 0.10.7 in workspace '/home/gjones/src/github/alloy-www' for client emacs GNU Emacs 27.1 (build 1, x86_64-pc-linux-gnu, GTK+ Version 3.24.24, cairo version 1.16.0)
 of 2021-03-26.[0m
[0m2021.10.07 21:26:20 INFO  time: initialize in 3.22s[0m
[0m2021.10.07 21:26:21 WARN  Build server is not auto-connectable.[0m
[0m2021.10.07 21:26:21 WARN  no build target for: /home/gjones/src/github/alloy-www/build.sbt[0m
[0m2021.10.07 21:26:22 INFO  skipping build import with status 'Requested'[0m
Oct 07, 2021 9:26:22 PM org.eclipse.lsp4j.jsonrpc.RemoteEndpoint handleCancellation
WARNING: Unmatched cancel notification for request id 840
[0m2021.10.07 21:26:26 INFO  no build target: using presentation compiler with only scala-library: 2.12.15[0m
